Grammar

    0 $accept: calculator $end

    1 calculator: expression
    2           | calculator ',' expression

    3 expression: NATURAL
    4           | '-' expression
    5           | expression '+' expression
    6           | expression '-' expression
    7           | expression '*' expression
    8           | expression '/' expression
    9           | '(' expression ')'
   10           | IF expression THEN expression ELSE expression


Terminals, with rules where they appear

    $end (0) 0
    '(' (40) 9
    ')' (41) 9
    '*' (42) 7
    '+' (43) 5
    ',' (44) 2
    '-' (45) 4 6
    '/' (47) 8
    error (256)
    NATURAL (258) 3
    IF (259) 10
    THEN (260) 10
    ELSE (261) 10
    LOGIC (262)
    UMINUS (263)


Nonterminals, with rules where they appear

    $accept (16)
        on left: 0
    calculator (17)
        on left: 1 2
        on right: 0 2
    expression (18)
        on left: 3 4 5 6 7 8 9 10
        on right: 1 2 4 5 6 7 8 9 10


State 0

    0 $accept: • calculator $end

    NATURAL  shift, and go to state 1
    IF       shift, and go to state 2
    '-'      shift, and go to state 3
    '('      shift, and go to state 4

    calculator  go to state 5
    expression  go to state 6


State 1

    3 expression: NATURAL •

    $default  reduce using rule 3 (expression)


State 2

   10 expression: IF • expression THEN expression ELSE expression

    NATURAL  shift, and go to state 1
    IF       shift, and go to state 2
    '-'      shift, and go to state 3
    '('      shift, and go to state 4

    expression  go to state 7


State 3

    4 expression: '-' • expression

    NATURAL  shift, and go to state 1
    IF       shift, and go to state 2
    '-'      shift, and go to state 3
    '('      shift, and go to state 4

    expression  go to state 8


State 4

    9 expression: '(' • expression ')'

    NATURAL  shift, and go to state 1
    IF       shift, and go to state 2
    '-'      shift, and go to state 3
    '('      shift, and go to state 4

    expression  go to state 9


State 5

    0 $accept: calculator • $end
    2 calculator: calculator • ',' expression

    $end  shift, and go to state 10
    ','   shift, and go to state 11


State 6

    1 calculator: expression •
    5 expression: expression • '+' expression
    6           | expression • '-' expression
    7           | expression • '*' expression
    8           | expression • '/' expression

    '+'  shift, and go to state 12
    '-'  shift, and go to state 13
    '*'  shift, and go to state 14
    '/'  shift, and go to state 15

    $default  reduce using rule 1 (calculator)


State 7

    5 expression: expression • '+' expression
    6           | expression • '-' expression
    7           | expression • '*' expression
    8           | expression • '/' expression
   10           | IF expression • THEN expression ELSE expression

    THEN  shift, and go to state 16
    '+'   shift, and go to state 12
    '-'   shift, and go to state 13
    '*'   shift, and go to state 14
    '/'   shift, and go to state 15


State 8

    4 expression: '-' expression •
    5           | expression • '+' expression
    6           | expression • '-' expression
    7           | expression • '*' expression
    8           | expression • '/' expression

    $default  reduce using rule 4 (expression)


State 9

    5 expression: expression • '+' expression
    6           | expression • '-' expression
    7           | expression • '*' expression
    8           | expression • '/' expression
    9           | '(' expression • ')'

    '+'  shift, and go to state 12
    '-'  shift, and go to state 13
    '*'  shift, and go to state 14
    '/'  shift, and go to state 15
    ')'  shift, and go to state 17


State 10

    0 $accept: calculator $end •

    $default  accept


State 11

    2 calculator: calculator ',' • expression

    NATURAL  shift, and go to state 1
    IF       shift, and go to state 2
    '-'      shift, and go to state 3
    '('      shift, and go to state 4

    expression  go to state 18


State 12

    5 expression: expression '+' • expression

    NATURAL  shift, and go to state 1
    IF       shift, and go to state 2
    '-'      shift, and go to state 3
    '('      shift, and go to state 4

    expression  go to state 19


State 13

    6 expression: expression '-' • expression

    NATURAL  shift, and go to state 1
    IF       shift, and go to state 2
    '-'      shift, and go to state 3
    '('      shift, and go to state 4

    expression  go to state 20


State 14

    7 expression: expression '*' • expression

    NATURAL  shift, and go to state 1
    IF       shift, and go to state 2
    '-'      shift, and go to state 3
    '('      shift, and go to state 4

    expression  go to state 21


State 15

    8 expression: expression '/' • expression

    NATURAL  shift, and go to state 1
    IF       shift, and go to state 2
    '-'      shift, and go to state 3
    '('      shift, and go to state 4

    expression  go to state 22


State 16

   10 expression: IF expression THEN • expression ELSE expression

    NATURAL  shift, and go to state 1
    IF       shift, and go to state 2
    '-'      shift, and go to state 3
    '('      shift, and go to state 4

    expression  go to state 23


State 17

    9 expression: '(' expression ')' •

    $default  reduce using rule 9 (expression)


State 18

    2 calculator: calculator ',' expression •
    5 expression: expression • '+' expression
    6           | expression • '-' expression
    7           | expression • '*' expression
    8           | expression • '/' expression

    '+'  shift, and go to state 12
    '-'  shift, and go to state 13
    '*'  shift, and go to state 14
    '/'  shift, and go to state 15

    $default  reduce using rule 2 (calculator)


State 19

    5 expression: expression • '+' expression
    5           | expression '+' expression •
    6           | expression • '-' expression
    7           | expression • '*' expression
    8           | expression • '/' expression

    '*'  shift, and go to state 14
    '/'  shift, and go to state 15

    $default  reduce using rule 5 (expression)


State 20

    5 expression: expression • '+' expression
    6           | expression • '-' expression
    6           | expression '-' expression •
    7           | expression • '*' expression
    8           | expression • '/' expression

    '*'  shift, and go to state 14
    '/'  shift, and go to state 15

    $default  reduce using rule 6 (expression)


State 21

    5 expression: expression • '+' expression
    6           | expression • '-' expression
    7           | expression • '*' expression
    7           | expression '*' expression •
    8           | expression • '/' expression

    $default  reduce using rule 7 (expression)


State 22

    5 expression: expression • '+' expression
    6           | expression • '-' expression
    7           | expression • '*' expression
    8           | expression • '/' expression
    8           | expression '/' expression •

    $default  reduce using rule 8 (expression)


State 23

    5 expression: expression • '+' expression
    6           | expression • '-' expression
    7           | expression • '*' expression
    8           | expression • '/' expression
   10           | IF expression THEN expression • ELSE expression

    ELSE  shift, and go to state 24
    '+'   shift, and go to state 12
    '-'   shift, and go to state 13
    '*'   shift, and go to state 14
    '/'   shift, and go to state 15


State 24

   10 expression: IF expression THEN expression ELSE • expression

    NATURAL  shift, and go to state 1
    IF       shift, and go to state 2
    '-'      shift, and go to state 3
    '('      shift, and go to state 4

    expression  go to state 25


State 25

    5 expression: expression • '+' expression
    6           | expression • '-' expression
    7           | expression • '*' expression
    8           | expression • '/' expression
   10           | IF expression THEN expression ELSE expression •

    '+'  shift, and go to state 12
    '-'  shift, and go to state 13
    '*'  shift, and go to state 14
    '/'  shift, and go to state 15

    $default  reduce using rule 10 (expression)
