Line 1, column 1: unrecognized character (\)
Line 1, column 2: unterminated char constant
Line 2, column 1: unterminated char constant
Line 3, column 1: unterminated char constant
Line 4, column 1: unterminated char constant
Line 5, column 1: invalid char constant ('\\\'')
Line 6, column 1: invalid char constant ('\\\\')
CHRLIT('\\')
Line 8, column 1: unterminated char constant
CHRLIT('\'')
IDENTIFIER(ola)
IDENTIFIER(ola)
Line 10, column 1: invalid char constant ('\   ola ola')
Line 11, column 1: unrecognized character (\)
Line 11, column 2: unterminated char constant
Line 12, column 1: unterminated char constant
Line 13, column 1: invalid char constant ('id \\ ola ')
IDENTIFIER(ola)
Line 13, column 18: unterminated char constant
Line 14, column 1: unterminated char constant
Line 15, column 1: invalid char constant ('')
Line 15, column 3: unterminated char constant
Line 16, column 1: invalid char constant ('')
Line 17, column 1: unterminated char constant
Line 20, column 1: invalid char constant ('eeee')
Line 22, column 1: unterminated char constant
Line 26, column 5: invalid char constant ('asd')
CHRLIT('\\')
