IDENTIFIER(o)
RESERVED(--)
Line 2, column 1: invalid char constant ('\\\\')
IDENTIFIER(asdasd)
Line 3, column 1: invalid char constant ('\\\\')
IDENTIFIER(asdasd)
Line 4, column 1: invalid char constant ('\\\\')
IDENTIFIER(asdasd)
CHRLIT('\\')
IDENTIFIER(asdasd)
Line 6, column 1: unterminated char constant
CHRLIT('\'')
Line 8, column 1: unterminated char constant
CHRLIT('\'')
IDENTIFIER(asdasd)
CHRLIT('\'')
COMMA
IDENTIFIER(asd)
Line 11, column 5: invalid char constant ('\\\\')
IDENTIFIER(asdas)
Line 12, column 1: invalid char constant ('\\,')
Line 13, column 1: unterminated char constant
Line 14, column 1: unterminated char constant
Line 15, column 1: invalid char constant ('asdasd\\')
Line 15, column 12: invalid char constant ('asdasd')
Line 16, column 1: unterminated char constant
IDENTIFIER(sd)
IDENTIFIER(asd)
Line 18, column 5: unterminated char constant
RESERVED(--)
Line 19, column 4: unterminated char constant
Line 20, column 1: invalid char constant ('\\,')
IDENTIFIER(sdasd)
Line 21, column 1: invalid char constant ('')
Line 21, column 3: invalid char constant ('')
Line 21, column 5: invalid char constant ('')
Line 21, column 7: invalid char constant ('')
Line 21, column 9: invalid char constant ('')
Line 21, column 11: invalid char constant ('')
Line 21, column 13: invalid char constant ('')
Line 22, column 1: invalid char constant ('')
Line 22, column 3: invalid char constant ('')
CHRLIT('\'')
Line 22, column 9: invalid char constant ('')
Line 22, column 11: unterminated char constant
Line 23, column 1: unterminated char constant
Line 24, column 1: unterminated char constant
Line 25, column 1: unterminated char constant
Line 26, column 5: invalid char constant ('asd')
Line 27, column 5: unterminated char constant
CHRLIT('\\')
Line 29, column 1: invalid char constant ('\\\\')
IDENTIFIER(asdaso)
Line 29, column 15: unterminated char constant
Line 30, column 1: invalid char constant ('\\\\,')
IDENTIFIER(asdaso)
Line 30, column 16: invalid char constant ('\' asdsda ')
Line 30, column 28: unrecognized character (\)
Line 30, column 29: unrecognized character (\)
COMMA
Line 30, column 31: unterminated char constant
Line 31, column 1: unterminated char constant
Line 36, column 5: invalid char constant ('asd')
CHRLIT('\\')
