Line 1, column 1: invalid char constant ('asdasdasdasdasdasdasd')
CHRLIT('\0')
Line 3, column 1: invalid char constant ('\0000')
Line 4, column 1: invalid char constant ('\00 0')
CHRLIT('\002')
Line 6, column 1: invalid char constant (' \0')
CHRLIT('\0')
Line 8, column 1: unterminated char constant
CHRLIT(' ')
CHRLIT('\n')
CHRLIT('\t')
CHRLIT('\\')
CHRLIT('\\')
CHRLIT('\'')
Line 15, column 1: invalid char constant ('\h')
CHRLIT('\"')
CHRLIT('a')
CHRLIT('\\')
CHRLIT('\'')
Line 18, column 17: invalid char constant ('asdasd')
Line 18, column 26: invalid char constant ('\n\n')
Line 18, column 33: invalid char constant ('\r')
CHRLIT('\\')
CHRLIT('\t')
CHRLIT('\"')
Line 22, column 1: invalid char constant (' \t')
Line 23, column 1: invalid char constant ('\t\n')
Line 24, column 1: invalid char constant ('\' asasd ')
CHRLIT('\'')
Line 26, column 1: invalid char constant ('asd')
Line 27, column 1: invalid char constant ('\'  asdasd')
CHRLIT('\123')
CHRLIT('\t')
CHRLIT('\"')
Line 31, column 1: invalid char constant ('\" asd')
Line 32, column 1: invalid char constant ('\n asd')
Line 33, column 1: invalid char constant ('\n asd')
CHRLIT(' ')
Line 33, column 12: invalid char constant ('\t\n')
Line 34, column 1: unterminated char constant
Line 35, column 1: invalid char constant ('asdasd')
CHRLIT('/')
Line 37, column 1: invalid char constant ('\123jasdjasdjasdja\' asdasd \'')
CHRLIT('\123')
CHRLIT('\00')
CHRLIT('\\')
Line 40, column 7: invalid char constant (' \' ')
Line 41, column 1: unterminated char constant
IDENTIFIER(asd)
Line 43, column 1: unterminated char constant
CHRLIT('\\')
CHRLIT('\n')
CHRLIT('\t')
CHRLIT('\n')
Line 46, column 9: invalid char constant ('\tt')
CHRLIT('\'')
CHRLIT('\"')
CHRLIT('\1')
CHRLIT('\11')
Line 51, column 1: invalid char constant ('FOFA:SE')
CHRLIT('\111')
Line 53, column 1: invalid char constant ('\a')
CHRLIT('\\')
IDENTIFIER(sdasd)
Line 54, column 14: invalid char constant ('\' asdasdasd ')
Line 54, column 29: unterminated char constant
Line 55, column 1: unrecognized character (\)
Line 55, column 2: unterminated char constant
CHRLIT('\t')
Line 57, column 1: invalid char constant ('\n\m')
Line 58, column 1: invalid char constant ('\m')
NATURAL(111)
Line 59, column 1: invalid char constant ('asdasd')
CHRLIT('#')
Line 61, column 1: invalid char constant ('\0000')
Line 62, column 1: unterminated char constant
IDENTIFIER(asd)
Line 64, column 1: invalid char constant ('\ asdjasd asdajsda asd ')
Line 65, column 1: invalid char constant ('\\\'asdasd\ ')
CHRLIT('\777')
CHRLIT('\n')
Line 68, column 1: invalid char constant ('\7\234')
Line 69, column 1: invalid char constant ('\7\"')
CHRLIT('\'')
CHRLIT('\"')
CHRLIT('4')
CHRLIT('\'')
IDENTIFIER(asddasd)
Line 73, column 12: invalid char constant ('')
Line 73, column 14: unrecognized character (\)
Line 73, column 15: invalid char constant ('')
Line 73, column 17: invalid char constant ('')
Line 73, column 19: invalid char constant ('')
Line 74, column 1: invalid char constant ('')
Line 74, column 3: unterminated char constant
Line 75, column 1: invalid char constant ('')
Line 75, column 3: invalid char constant ('\'\0n')
Line 76, column 1: invalid char constant ('asdasdasdasd')
CHRLIT('\\')
Line 76, column 20: unrecognized character (?)
Line 76, column 21: invalid char constant ('\nnnn')
CHRLIT('!')
Line 77, column 1: invalid char constant ('\asjdasd\'0')
Line 77, column 14: unrecognized character (\)
IDENTIFIER(n)
Line 78, column 1: invalid char constant ('()')
CHRLIT('(')
CHRLIT('\"')
Line 81, column 1: invalid char constant ('  \t	)')
CHRLIT('	')
CHRLIT('	')
CHRLIT('\\')
CHRLIT('\n')
Line 85, column 1: invalid char constant ('asjdajsd')
CHRLIT('a')
CHRLIT('A')
CHRLIT('!')
Line 89, column 1: invalid char constant ('\nasd')
Line 90, column 1: invalid char constant ('asdasd ')
Line 90, column 11: invalid char constant ('aasdasd')
Line 91, column 1: unterminated char constant
Line 99, column 1: unterminated char constant
CHRLIT('\n')
Line 101, column 1: invalid char constant ('\asdasd asd asd \ ')
Line 101, column 22: invalid char constant ('\\\\\\\'')
Line 101, column 33: invalid char constant ('"asdasd\"')
CHRLIT('	')
Line 102, column 5: invalid char constant ('asd')
Line 103, column 1: invalid char constant ('asdasd asd asd as dasd as da sd asd as da sda sda sd asd asd as da sdas dasd')
Line 104, column 1: unterminated char constant
IDENTIFIER(asdasd)
IDENTIFIER(asd)
IDENTIFIER(asd)
CHRLIT('\001')
Line 109, column 1: invalid char constant ('/*\'')
Line 110, column 1: invalid char constant ('\n\asdasd')
Line 111, column 1: invalid char constant ('\n\n')
Line 112, column 1: invalid char constant ('		')
NATURAL(0)
Line 114, column 1: unterminated char constant
IDENTIFIER(asda)
IDENTIFIER(asd)
IDENTIFIER(asd)
IDENTIFIER(a)
IDENTIFIER(sd)
IDENTIFIER(asd)
CHRLIT('\'')
Line 120, column 8: invalid char constant ('')
CHRLIT('\'')
Line 120, column 14: invalid char constant ('')
Line 120, column 16: invalid char constant ('')
Line 120, column 18: invalid char constant ('')
Line 120, column 20: invalid char constant ('')
Line 120, column 22: invalid char constant ('')
Line 120, column 24: invalid char constant ('')
Line 120, column 26: invalid char constant ('')
Line 120, column 28: invalid char constant ('')
Line 120, column 30: invalid char constant ('')
Line 120, column 32: invalid char constant ('')
Line 120, column 34: invalid char constant ('')
Line 120, column 36: invalid char constant ('')
Line 121, column 1: invalid char constant ('asdasda')
Line 122, column 1: invalid char constant ('\asdjasd')
Line 123, column 1: invalid char constant ('\=')
CHRLIT('g')
Line 125, column 1: invalid char constant ('123123123123')
Line 125, column 15: invalid char constant ('')
CHRLIT('\'')
Line 126, column 5: unrecognized character (\)
Line 126, column 6: unrecognized character (\)
Line 126, column 7: unterminated char constant
Line 127, column 1: unrecognized character (\)
Line 127, column 2: unterminated char constant
Line 128, column 1: invalid char constant ('\\\\')
Line 129, column 1: unterminated char constant
Line 130, column 1: unterminated char constant
Line 131, column 1: unterminated char constant
