RESERVED(auto)
IDENTIFIER(_auto)
RESERVED(break)
IDENTIFIER(break_)
RESERVED(case)
IDENTIFIER(__case)
IDENTIFIER(char_123)
RESERVED(const)
RESERVED(continue)
RESERVED(default)
RESERVED(do)
WHILE
RESERVED(do)
MINUS
WHILE
RESERVED(do)
WHILE
DOUBLE
ELSE
RESERVED(enum)
RESERVED(extern)
RESERVED(float)
RESERVED(for)
RESERVED(goto)
IF
RESERVED(inline)
INT
RESERVED(long)
RESERVED(register)
RESERVED(restrict)
RETURN
SHORT
RESERVED(signed)
RESERVED(sizeof)
RESERVED(static)
RESERVED(struct)
RESERVED(switch)
RESERVED(typedef)
RESERVED(union)
RESERVED(unsigned)
VOID
RESERVED(volatile)
WHILE
RESERVED(_Bool)
RESERVED(_Complex)
RESERVED(_Imaginary)
IDENTIFIER(Else)
