IDENTIFIER(A)
ASSIGN
NATURAL(0011)
NATURAL(1100)
IDENTIFIER(B)
ASSIGN
NATURAL(0000)
NATURAL(1101)
IDENTIFIER(A)
BITWISEAND
IDENTIFIER(B)
ASSIGN
NATURAL(0000)
NATURAL(1100)
IDENTIFIER(A)
BITWISEOR
IDENTIFIER(B)
ASSIGN
NATURAL(0011)
NATURAL(1101)
IDENTIFIER(A)
BITWISEXOR
IDENTIFIER(B)
ASSIGN
NATURAL(0011)
NATURAL(0001)
IF
LPAR
IDENTIFIER(A)
GT
IDENTIFIER(B)
RPAR
LBRACE
IDENTIFIER(A)
PLUS
ASSIGN
NATURAL(1111)
NATURAL(0000)
SEMI
RBRACE
ELSE
IF
LPAR
IDENTIFIER(A)
LT
IDENTIFIER(B)
RPAR
LBRACE
IDENTIFIER(B)
MINUS
ASSIGN
NATURAL(0011)
NATURAL(0101)
Line 10, column 15: unrecognized character (:)
RBRACE
ELSE
IF
LPAR
IDENTIFIER(A)
ASSIGN
IDENTIFIER(B)
RPAR
LBRACE
IDENTIFIER(A)
DIV
ASSIGN
NATURAL(1010)
DECIMAL(1010.)
RBRACE
MUL
DIV
DIV
MUL
IDENTIFIER(ab)
Line 17, column 3: unrecognized character (#)
IDENTIFIER(cde)
NATURAL(12)
Line 19, column 3: unrecognized character (@)
NATURAL(3)
IDENTIFIER(_31)
Line 19, column 8: unrecognized character ($)
IDENTIFIER(ABC)
ASSIGN
LPAR
NATURAL(10)
RPAR
MUL
NATURAL(10)
SEMI
IDENTIFIER(CBD)
ASSIGN
LPAR
NATURAL(420)
RPAR
DIV
NATURAL(69)
SEMI
IDENTIFIER(BBB)
ASSIGN
NATURAL(1)
MOD
NATURAL(1)
SEMI
IDENTIFIER(ABC)
RESERVED(++)
SEMI
IDENTIFIER(CBD)
RESERVED(--)
SEMI
IDENTIFIER(THC)
ASSIGN
IDENTIFIER(BBB)
GT
GT
IDENTIFIER(ABC)
SEMI
IF
LPAR
IDENTIFIER(THC)
NE
IDENTIFIER(CBD)
COMMA
RPAR
LBRACE
RBRACE
ELSE
IF
LPAR
IDENTIFIER(CBD)
EQ
IDENTIFIER(ABC)
RPAR
LBRACE
IDENTIFIER(THC)
MUL
ASSIGN
NATURAL(2)
BITWISEXOR
NATURAL(2)
SEMI
RBRACE
IDENTIFIER(a)
Line 36, column 2: unrecognized character (?)
IDENTIFIER(b)
OR
CHAR
IDENTIFIER(c)
RESERVED([)
NATURAL(1024)
RESERVED(])
SEMI
INT
IDENTIFIER(b)
ASSIGN
RESERVED(sizeof)
LPAR
IDENTIFIER(c)
RPAR
SEMI
