Line 6, column 22: Symbol b already defined
Line 8, column 23: Symbol c already defined
Line 12, column 13: Invalid use of void type in declaration
Line 16, column 13: Invalid use of void type in declaration
Line 23, column 6: Operator , cannot be applied to types int, int(int)
Line 24, column 8: Wrong number of arguments to function ola (got 0, required 1)
Line 26, column 8: Wrong number of arguments to function ola (got 2, required 1)
Line 27, column 8: Operator , cannot be applied to types int(int), int
Line 28, column 5: Wrong number of arguments to function ola (got 0, required 1)
Line 30, column 7: Operator + cannot be applied to types int, int(int)
Line 44, column 5: Conflicting types (got int(int,int,int), expected int(int,int))
Line 45, column 5: Conflicting types (got int(int), expected int(int,int))
Line 48, column 5: Conflicting types (got int(int,int,int), expected int(int,int))
Line 53, column 5: Conflicting types (got int(int), expected int(int,int))
===== Global Symbol Table =====
putchar	int(int)
getchar	int(void)
bye	int(int,int)
error	int(int,int)
error1	int(int,int)
error2	void(void)
error3	void(void)
ola	int(int)
main	int(void)
f	void(void)
g	void(void)
test	int(int,int)
test1	int(int,int)
test2	int(int,int)

===== Function bye Symbol Table =====
return	int
a	int	param
b	int	param

===== Function error1 Symbol Table =====
return	int
c	int	param

===== Function error2 Symbol Table =====
return	void

===== Function error3 Symbol Table =====
return	void

===== Function ola Symbol Table =====
return	int
a	int	param

===== Function main Symbol Table =====
return	int

===== Function f Symbol Table =====
return	void

===== Function g Symbol Table =====
return	void

Program
..FuncDeclaration
....Int
....Identifier(bye)
....ParamList
......ParamDeclaration
........Int
........Identifier(a)
......ParamDeclaration
........Int
........Identifier(b)
..FuncDefinition
....Int
....Identifier(bye)
....ParamList
......ParamDeclaration
........Int
........Identifier(a)
......ParamDeclaration
........Int
........Identifier(b)
....FuncBody
..FuncDeclaration
....Int
....Identifier(error)
....ParamList
......ParamDeclaration
........Int
........Identifier(b)
......ParamDeclaration
........Int
........Identifier(b)
..FuncDefinition
....Int
....Identifier(error1)
....ParamList
......ParamDeclaration
........Int
........Identifier(c)
......ParamDeclaration
........Int
........Identifier(c)
....FuncBody
..FuncDeclaration
....Void
....Identifier(error2)
....ParamList
......ParamDeclaration
........Void
......ParamDeclaration
........Void
..FuncDefinition
....Void
....Identifier(error2)
....ParamList
......ParamDeclaration
........Void
....FuncBody
..FuncDefinition
....Void
....Identifier(error3)
....ParamList
......ParamDeclaration
........Void
....FuncBody
..FuncDeclaration
....Void
....Identifier(error3)
....ParamList
......ParamDeclaration
........Void
......ParamDeclaration
........Void
..FuncDefinition
....Int
....Identifier(ola)
....ParamList
......ParamDeclaration
........Int
........Identifier(a)
....FuncBody
..FuncDefinition
....Int
....Identifier(main)
....ParamList
......ParamDeclaration
........Void
....FuncBody
......Comma - undef
........Natural(1) - int
........Identifier(ola) - int(int)
......Comma - int
........Natural(1) - int
........Call - int
..........Identifier(ola) - int(int)
......Comma - int
........Natural(1) - int
........Call - int
..........Identifier(ola) - int(int)
..........Natural(1) - int
......Comma - int
........Natural(1) - int
........Call - int
..........Identifier(ola) - int(int)
..........Natural(1) - int
..........Natural(2) - int
......Comma - int
........Identifier(ola) - int(int)
........Natural(1) - int
......Comma - int
........Call - int
..........Identifier(ola) - int(int)
........Natural(1) - int
......Comma - int
........Call - int
..........Identifier(ola) - int(int)
..........Natural(1) - int
........Natural(1) - int
......Add - undef
........Natural(1) - int
........Identifier(ola) - int(int)
..FuncDefinition
....Void
....Identifier(f)
....ParamList
......ParamDeclaration
........Void
....FuncBody
......Return
........Null
..FuncDefinition
....Void
....Identifier(g)
....ParamList
......ParamDeclaration
........Void
....FuncBody
......Return
........Call - void
..........Identifier(f) - void(void)
..FuncDeclaration
....Int
....Identifier(test)
....ParamList
......ParamDeclaration
........Int
........Identifier(a)
......ParamDeclaration
........Int
........Identifier(b)
..FuncDeclaration
....Int
....Identifier(test)
....ParamList
......ParamDeclaration
........Int
........Identifier(a)
......ParamDeclaration
........Int
........Identifier(b)
......ParamDeclaration
........Int
........Identifier(c)
..FuncDeclaration
....Int
....Identifier(test)
....ParamList
......ParamDeclaration
........Int
........Identifier(a)
..FuncDeclaration
....Int
....Identifier(test1)
....ParamList
......ParamDeclaration
........Int
........Identifier(a)
......ParamDeclaration
........Int
........Identifier(b)
..FuncDefinition
....Int
....Identifier(test1)
....ParamList
......ParamDeclaration
........Int
........Identifier(a)
......ParamDeclaration
........Int
........Identifier(b)
......ParamDeclaration
........Int
........Identifier(c)
....FuncBody
..FuncDeclaration
....Int
....Identifier(test2)
....ParamList
......ParamDeclaration
........Int
........Identifier(a)
......ParamDeclaration
........Int
........Identifier(b)
..FuncDefinition
....Int
....Identifier(test2)
....ParamList
......ParamDeclaration
........Int
........Identifier(a)
....FuncBody
